<?xml version="1.0" encoding="UTF-8"?>
<!-- Generated by org.testng.reporters.JUnitReportReporter -->
<testsuite hostname="mc1junb2129" failures="0" tests="1" name="MileStone1.MileStone1_Artifact.AppTest" time="0.017" errors="0" timestamp="2022-08-02T15:53:22 GMT+05:30" skipped="0">
  <testcase classname="MileStone1.MileStone1_Artifact.AppTest" name="shouldAnswerWithTrue" time="0.017"/>
</testsuite> <!-- MileStone1.MileStone1_Artifact.AppTest -->
